<?xml version="1.0" encoding="UTF-8" ?>
<testsuite tests="7" failures="0" name="runnerFile.TestRunner" time="3.587" errors="0" skipped="0">
  <properties>
[...]
</properties>
  <testcase classname="Given As a user I am on the takealot.com Homepage(| Garmin Forerunner 45S Sports Smartwatch (39mm) - Iris |)" name="Given As a user I am on the takealot.com Homepage(| Garmin Forerunner 45S Sports Smartwatch " time="0.003"/>
  <testcase classname="And I register as a new user(| Garmin Forerunner 45S Sports Smartwatch (39mm) - Iris |)" name="And I register as a new user(| Garmin Forerunner 45S Sports Smartwatch " time="0"/>
  <testcase classname="And verify a new user is created(| Garmin Forerunner 45S Sports Smartwatch (39mm) - Iris |)" name="And verify a new user is created(| Garmin Forerunner 45S Sports Smartwatch " time="0"/>
  <testcase classname="When I add the &quot;Garmin Forerunner 45S Sports Smartwatch (39mm) - Iris&quot; to basket(| Garmin Forerunner 45S Sports Smartwatch (39mm) - Iris |)" name="When I add the &quot;Garmin Forerunner 45S Sports Smartwatch (39mm) - Iris&quot; to basket(| Garmin Forerunner 45S Sports Smartwatch " time="0"/>
  <testcase classname="Then I verify the &quot;Garmin Forerunner 45S Sports Smartwatch (39mm) - Iris&quot; is added in the basket(| Garmin Forerunner 45S Sports Smartwatch (39mm) - Iris |)" name="Then I verify the &quot;Garmin Forerunner 45S Sports Smartwatch (39mm) - Iris&quot; is added in the basket(| Garmin Forerunner 45S Sports Smartwatch " time="0"/>
  <testcase classname="And I verify the qty is 1 on the basket(| Garmin Forerunner 45S Sports Smartwatch (39mm) - Iris |)" name="And I verify the qty is 1 on the basket(| Garmin Forerunner 45S Sports Smartwatch " time="0"/>
  <testcase classname="| Garmin Forerunner 45S Sports Smartwatch (39mm) - Iris |" name="| Garmin Forerunner 45S Sports Smartwatch " time="3.584"/>
</testsuite>